2021-12-05 17:00:53.965 - INFO  [           main] bstractTestContextBootstrapper : Neither @ContextConfiguration nor @ContextHierarchy found for test class [com.hmsystem.test.UserServiceTest], using SpringBootContextLoader
2021-12-05 17:00:53.979 - INFO  [           main] .s.t.c.s.AbstractContextLoader : Could not detect default resource locations for test class [com.hmsystem.test.UserServiceTest]: no resource found for suffixes {-context.xml, Context.groovy}.
2021-12-05 17:00:54.158 - INFO  [           main] bstractTestContextBootstrapper : Loaded default TestExecutionListener class names from location [META-INF/spring.factories]: [org.springframework.boot.test.mock.mockito.MockitoTestExecutionListener, org.springframework.boot.test.mock.mockito.ResetMocksTestExecutionListener, org.springframework.boot.test.autoconfigure.restdocs.RestDocsTestExecutionListener, org.springframework.boot.test.autoconfigure.web.client.MockRestServiceServerResetTestExecutionListener, org.springframework.boot.test.autoconfigure.web.servlet.MockMvcPrintOnlyOnFailureTestExecutionListener, org.springframework.boot.test.autoconfigure.web.servlet.WebDriverTestExecutionListener, org.springframework.boot.test.autoconfigure.webservices.client.MockWebServiceServerTestExecutionListener, org.springframework.test.context.web.ServletTestExecutionListener, org.springframework.test.context.support.DirtiesContextBeforeModesTestExecutionListener, org.springframework.test.context.support.DependencyInjectionTestExecutionListener, org.springframework.test.context.support.DirtiesContextTestExecutionListener, org.springframework.test.context.transaction.TransactionalTestExecutionListener, org.springframework.test.context.jdbc.SqlScriptsTestExecutionListener, org.springframework.test.context.event.EventPublishingTestExecutionListener]
2021-12-05 17:00:54.170 - INFO  [           main] bstractTestContextBootstrapper : Using TestExecutionListeners: [org.springframework.test.context.web.ServletTestExecutionListener@6bb2d00b, org.springframework.test.context.support.DirtiesContextBeforeModesTestExecutionListener@3c9bfddc, org.springframework.boot.test.mock.mockito.MockitoTestExecutionListener@1a9c38eb, org.springframework.boot.test.autoconfigure.SpringBootDependencyInjectionTestExecutionListener@319bc845, org.springframework.test.context.support.DirtiesContextTestExecutionListener@4c5474f5, org.springframework.test.context.event.EventPublishingTestExecutionListener@2f4205be, org.springframework.boot.test.mock.mockito.ResetMocksTestExecutionListener@54e22bdd, org.springframework.boot.test.autoconfigure.restdocs.RestDocsTestExecutionListener@3bd418e4, org.springframework.boot.test.autoconfigure.web.client.MockRestServiceServerResetTestExecutionListener@544820b7, org.springframework.boot.test.autoconfigure.web.servlet.MockMvcPrintOnlyOnFailureTestExecutionListener@6b98a075, org.springframework.boot.test.autoconfigure.web.servlet.WebDriverTestExecutionListener@2e61d218, org.springframework.boot.test.autoconfigure.webservices.client.MockWebServiceServerTestExecutionListener@3569fc08]
2021-12-05 17:00:54.423 - INFO  [           main] o.s.b.StartupInfoLogger        : Starting UserServiceTest on LAPTOP-8T2LUG7E with PID 10784 (started by jpliu in D:\Software\IntellijIDEA_workspace\hystarter-springboot2.3)
2021-12-05 17:00:54.426 - INFO  [           main] o.s.b.SpringApplication        : The following profiles are active: dev
2021-12-05 17:00:55.297 - INFO  [           main] c.ExecutorConfigurationSupport : Initializing ExecutorService 'applicationTaskExecutor'
2021-12-05 17:00:55.390 - INFO  [           main] .w.s.WelcomePageHandlerMapping : Adding welcome page template: index
2021-12-05 17:00:55.482 - WARN  [           main] tTemplateResolverConfiguration : Cannot find template location: classpath:/templates/ (please add some templates or check your Thymeleaf configuration)
2021-12-05 17:00:55.662 - WARN  [           main] .f.FreeMarkerAutoConfiguration : Cannot find template location(s): [classpath:/templates/] (please add some templates, check your FreeMarker configuration, or set spring.freemarker.checkTemplateLocation=false)
2021-12-05 17:00:55.694 - INFO  [           main] o.s.b.StartupInfoLogger        : Started UserServiceTest in 1.48 seconds (JVM running for 3.179)
2021-12-05 17:00:55.889 - INFO  [extShutdownHook] c.ExecutorConfigurationSupport : Shutting down ExecutorService 'applicationTaskExecutor'
2021-12-05 17:01:07.681 - INFO  [           main] o.s.b.StartupInfoLogger        : Starting RequestHttpMain on LAPTOP-8T2LUG7E with PID 3336 (D:\Software\IntellijIDEA_workspace\hystarter-springboot2.3\target\classes started by jpliu in D:\Software\IntellijIDEA_workspace\hystarter-springboot2.3)
2021-12-05 17:01:07.688 - INFO  [           main] o.s.b.SpringApplication        : The following profiles are active: dev
2021-12-05 17:01:08.229 - INFO  [           main] o.s.b.w.e.t.TomcatWebServer    : Tomcat initialized with port(s): 8088 (http)
2021-12-05 17:01:08.239 - INFO  [           main] o.a.j.l.DirectJDKLog           : Initializing ProtocolHandler ["http-nio-8088"]
2021-12-05 17:01:08.239 - INFO  [           main] o.a.j.l.DirectJDKLog           : Starting service [Tomcat]
2021-12-05 17:01:08.239 - INFO  [           main] o.a.j.l.DirectJDKLog           : Starting Servlet engine: [Apache Tomcat/9.0.46]
2021-12-05 17:01:08.739 - INFO  [           main] o.a.j.l.DirectJDKLog           : At least one JAR was scanned for TLDs yet contained no TLDs. Enable debug logging for this logger for a complete list of JARs that were scanned but no TLDs were found in them. Skipping unneeded JARs during scanning can improve startup time and JSP compilation time.
2021-12-05 17:01:08.742 - INFO  [           main] o.a.j.l.DirectJDKLog           : Initializing Spring embedded WebApplicationContext
2021-12-05 17:01:08.742 - INFO  [           main] letWebServerApplicationContext : Root WebApplicationContext: initialization completed in 1029 ms
2021-12-05 17:01:08.845 - INFO  [           main] c.ExecutorConfigurationSupport : Initializing ExecutorService 'applicationTaskExecutor'
2021-12-05 17:01:08.888 - INFO  [           main] .w.s.WelcomePageHandlerMapping : Adding welcome page template: index
2021-12-05 17:01:08.913 - WARN  [           main] tTemplateResolverConfiguration : Cannot find template location: classpath:/templates/ (please add some templates or check your Thymeleaf configuration)
2021-12-05 17:01:08.974 - WARN  [           main] .f.FreeMarkerAutoConfiguration : Cannot find template location(s): [classpath:/templates/] (please add some templates, check your FreeMarker configuration, or set spring.freemarker.checkTemplateLocation=false)
2021-12-05 17:01:08.989 - INFO  [           main] o.a.j.l.DirectJDKLog           : Starting ProtocolHandler ["http-nio-8088"]
2021-12-05 17:01:09.006 - INFO  [           main] o.s.b.w.e.t.TomcatWebServer    : Tomcat started on port(s): 8088 (http) with context path '/hystartersys'
2021-12-05 17:01:09.013 - INFO  [           main] o.s.b.StartupInfoLogger        : Started RequestHttpMain in 1.533 seconds (JVM running for 2.542)
